<?xml version="1.0" encoding="utf-8"?><testsuites><testsuite name="pytest" errors="0" failures="0" skipped="0" tests="4" time="0.166" timestamp="2024-10-07T14:30:00.097672+02:00" hostname="dell-7010-18"><testcase classname="test_math.Testmath_calc" name="test_add" time="0.004" /><testcase classname="test_math.Testmath_calc" name="test_divide" time="0.002" /><testcase classname="test_math.Testmath_calc" name="test_multiply" time="0.001" /><testcase classname="test_math.Testmath_calc" name="test_subtract" time="0.001" /></testsuite></testsuites>